[2025-01-25T11:33:07.478Z] [GLOBAL] [INFO]: Server is starting... 
[2025-01-25T11:33:07.603Z] [GLOBAL] [INFO]: Database connection has been established successfully. 
[2025-01-25T11:34:06.529Z] [GLOBAL] [INFO]: Server is starting... 
[2025-01-25T11:34:06.656Z] [GLOBAL] [INFO]: Database connection has been established successfully. 
[2025-01-25T11:35:20.153Z] [GLOBAL] [INFO]: Server is starting... 
[2025-01-25T11:35:20.283Z] [GLOBAL] [INFO]: Database connection has been established successfully. 
[2025-01-25T11:44:49.700Z] [GLOBAL] [INFO]: Server is starting... 
[2025-01-25T11:44:49.834Z] [GLOBAL] [INFO]: Database connection has been established successfully. 
[2025-01-25T11:45:53.022Z] [GLOBAL] [INFO]: Server is starting... 
[2025-01-25T11:45:53.147Z] [GLOBAL] [INFO]: Database connection has been established successfully. 
[2025-01-25T11:47:31.643Z] [GLOBAL] [INFO]: Server is starting... 
[2025-01-25T11:47:31.820Z] [GLOBAL] [INFO]: Database connection has been established successfully. 
[2025-01-25T12:00:56.915Z] [GLOBAL] [INFO]: Server is starting... 
[2025-01-25T12:00:57.065Z] [GLOBAL] [INFO]: Database connection has been established successfully. 
[2025-01-25T12:01:51.034Z] [GLOBAL] [INFO]: Server is starting... 
[2025-01-25T12:01:51.163Z] [GLOBAL] [INFO]: Database connection has been established successfully. 
[2025-01-26T03:52:31.555Z] [GLOBAL] [INFO]: Server is starting... 
[2025-01-26T03:52:31.609Z] [GLOBAL] [ERROR]: Failed to check migrations: | name: "SequelizeConnectionRefusedError", parent: {"code":"ECONNREFUSED","fatal":true}, original: {"code":"ECONNREFUSED","fatal":true}, stack: "SequelizeConnectionRefusedError\n    at ConnectionManager.connect (C:\\Users\\LENOVO\\NandhaKumar-Github\\tradebot-backend\\node_modules\\sequelize\\lib\\dialects\\mysql\\connection-manager.js:92:17)\n    at process.processTicksAndRejections (node:internal/process/task_queues:105:5)\n    at async ConnectionManager._connect (C:\\Users\\LENOVO\\NandhaKumar-Github\\tradebot-backend\\node_modules\\sequelize\\lib\\dialects\\abstract\\connection-manager.js:222:24)\n    at async C:\\Users\\LENOVO\\NandhaKumar-Github\\tradebot-backend\\node_modules\\sequelize\\lib\\dialects\\abstract\\connection-manager.js:174:32\n    at async ConnectionManager.getConnection (C:\\Users\\LENOVO\\NandhaKumar-Github\\tradebot-backend\\node_modules\\sequelize\\lib\\dialects\\abstract\\connection-manager.js:197:7)\n    at async C:\\Users\\LENOVO\\NandhaKumar-Github\\tradebot-backend\\node_modules\\sequelize\\lib\\sequelize.js:305:26\n    at async MySQLQueryInterface.tableExists (C:\\Users\\LENOVO\\NandhaKumar-Github\\tradebot-backend\\node_modules\\sequelize\\lib\\dialects\\abstract\\query-interface.js:102:17)\n    at async SequelizeMeta.sync (C:\\Users\\LENOVO\\NandhaKumar-Github\\tradebot-backend\\node_modules\\sequelize\\lib\\model.js:939:21)\n    at async SequelizeStorage.syncModel (C:\\Users\\LENOVO\\NandhaKumar-Github\\tradebot-backend\\node_modules\\umzug\\lib\\storage\\sequelize.js:52:9)\n    at async SequelizeStorage.executed (C:\\Users\\LENOVO\\NandhaKumar-Github\\tradebot-backend\\node_modules\\umzug\\lib\\storage\\sequelize.js:69:9)"
[2025-01-26T03:52:59.845Z] [GLOBAL] [INFO]: Server is starting... 
[2025-01-26T03:53:00.041Z] [GLOBAL] [INFO]: Database connection has been established successfully. 
[2025-01-26T03:53:20.574Z] [GLOBAL] [INFO]: Server is starting... 
[2025-01-26T03:53:20.664Z] [GLOBAL] [INFO]: Database connection has been established successfully. 
[2025-01-26T03:54:42.858Z] [GLOBAL] [INFO]: Server is starting... 
[2025-01-26T03:54:42.973Z] [GLOBAL] [INFO]: Database connection has been established successfully. 
[2025-01-26T03:55:44.913Z] [GLOBAL] [INFO]: Server is starting... 
[2025-01-26T03:55:45.016Z] [GLOBAL] [INFO]: Database connection has been established successfully. 
[2025-01-26T03:56:47.390Z] [GLOBAL] [INFO]: Server is starting... 
[2025-01-26T03:56:47.552Z] [GLOBAL] [INFO]: Database connection has been established successfully. 
[2025-01-26T03:56:47.569Z] [GLOBAL] [INFO]: Server is running | url: "http://localhost:3000"
[2025-01-26T03:56:59.601Z] [GLOBAL] [INFO]: Server is starting... 
[2025-01-26T03:56:59.699Z] [GLOBAL] [INFO]: Database connection has been established successfully. 
[2025-01-26T03:56:59.707Z] [GLOBAL] [INFO]: Server is running | url: "http://localhost:3000"
[2025-01-26T03:57:30.489Z] [GLOBAL] [INFO]: Shutting down server... 
[2025-01-26T03:57:35.294Z] [GLOBAL] [INFO]: Server is starting... 
[2025-01-26T03:57:35.380Z] [GLOBAL] [INFO]: Database connection has been established successfully. 
[2025-01-26T03:57:35.388Z] [GLOBAL] [INFO]: Server is running | url: "http://localhost:3000"
[2025-01-26T03:59:16.684Z] [GLOBAL] [INFO]: Shutting down server... 
[2025-01-26T03:59:20.482Z] [GLOBAL] [INFO]: Server is starting... 
[2025-01-26T03:59:20.570Z] [GLOBAL] [INFO]: Database connection has been established successfully. 
[2025-01-26T03:59:20.580Z] [GLOBAL] [INFO]: Server is running | url: "http://localhost:3000"
[2025-01-26T04:00:29.914Z] [GLOBAL] [INFO]: Server is starting... 
[2025-01-26T04:00:30.012Z] [GLOBAL] [INFO]: Database connection has been established successfully. 
[2025-01-26T04:00:30.027Z] [GLOBAL] [INFO]: Server is running | url: "http://localhost:3000"
[2025-01-26T04:01:33.558Z] [GLOBAL] [INFO]: Server is starting... 
[2025-01-26T04:01:33.658Z] [GLOBAL] [INFO]: Database connection has been established successfully. 
[2025-01-26T04:01:33.672Z] [GLOBAL] [INFO]: Server is running | url: "http://localhost:3000"
[2025-01-26T04:02:20.150Z] [GLOBAL] [INFO]: Server is starting... 
[2025-01-26T04:02:20.252Z] [GLOBAL] [INFO]: Database connection has been established successfully. 
[2025-01-26T04:02:20.269Z] [GLOBAL] [INFO]: Server is running | url: "http://localhost:3000"
[2025-01-26T04:02:42.568Z] [GLOBAL] [INFO]: Server is starting... 
[2025-01-26T04:02:42.677Z] [GLOBAL] [INFO]: Database connection has been established successfully. 
[2025-01-26T04:02:42.707Z] [GLOBAL] [INFO]: Server is running | url: "http://localhost:3000"
[2025-01-26T04:02:47.461Z] [GLOBAL] [INFO]: Server is starting... 
[2025-01-26T04:02:47.595Z] [GLOBAL] [INFO]: Database connection has been established successfully. 
[2025-01-26T04:02:47.616Z] [GLOBAL] [INFO]: Server is running | url: "http://localhost:3000"
[2025-01-26T04:03:49.132Z] [GLOBAL] [INFO]: Server is starting... 
[2025-01-26T04:03:49.226Z] [GLOBAL] [INFO]: Database connection has been established successfully. 
[2025-01-26T04:03:49.237Z] [GLOBAL] [INFO]: Server is running | url: "http://localhost:3000"
[2025-01-26T04:04:01.721Z] [GLOBAL] [INFO]: Server is starting... 
[2025-01-26T04:04:01.820Z] [GLOBAL] [INFO]: Database connection has been established successfully. 
[2025-01-26T04:04:01.840Z] [GLOBAL] [INFO]: Server is running | url: "http://localhost:3000"
[2025-01-26T04:04:23.151Z] [GLOBAL] [INFO]: Server is starting... 
[2025-01-26T04:04:23.239Z] [GLOBAL] [INFO]: Database connection has been established successfully. 
[2025-01-26T04:04:23.252Z] [GLOBAL] [INFO]: Server is running | url: "http://localhost:3000"
[2025-01-26T04:05:05.136Z] [GLOBAL] [INFO]: Request handled | method: "GET", path: "/", statusCode: 404, ip: "::1", responseTime: "13ms"
[2025-01-26T04:05:11.677Z] [GLOBAL] [INFO]: Request handled | method: "GET", path: "/docs/", statusCode: 304, ip: "::1", responseTime: "21ms"
[2025-01-26T04:05:11.756Z] [GLOBAL] [INFO]: Request handled | method: "GET", path: "/docs/swagger-ui.css", statusCode: 304, ip: "::1", responseTime: "5ms"
[2025-01-26T04:05:11.762Z] [GLOBAL] [INFO]: Request handled | method: "GET", path: "/docs/swagger-ui-init.js", statusCode: 200, ip: "::1", responseTime: "3ms"
[2025-01-26T04:05:11.765Z] [GLOBAL] [INFO]: Request handled | method: "GET", path: "/docs/swagger-ui-bundle.js", statusCode: 304, ip: "::1", responseTime: "5ms"
[2025-01-26T04:05:11.767Z] [GLOBAL] [INFO]: Request handled | method: "GET", path: "/docs/swagger-ui-standalone-preset.js", statusCode: 304, ip: "::1", responseTime: "7ms"
[2025-01-26T04:05:17.931Z] [GLOBAL] [INFO]: Request handled | method: "GET", path: "/api/user", statusCode: 404, ip: "::1", responseTime: "2ms"
[2025-01-26T04:05:45.910Z] [GLOBAL] [INFO]: Shutting down server... 
[2025-01-26T04:05:52.303Z] [GLOBAL] [INFO]: Server is starting... 
[2025-01-26T04:05:52.396Z] [GLOBAL] [INFO]: Database connection has been established successfully. 
[2025-01-26T04:05:52.410Z] [GLOBAL] [INFO]: Server is running | url: "http://localhost:3000"
[2025-01-26T04:05:56.142Z] [GLOBAL] [INFO]: Request handled | method: "GET", path: "/docs/", statusCode: 304, ip: "::1", responseTime: "16ms"
[2025-01-26T04:05:56.174Z] [GLOBAL] [INFO]: Request handled | method: "GET", path: "/docs/swagger-ui.css", statusCode: 304, ip: "::1", responseTime: "4ms"
[2025-01-26T04:05:56.188Z] [GLOBAL] [INFO]: Request handled | method: "GET", path: "/docs/swagger-ui-bundle.js", statusCode: 304, ip: "::1", responseTime: "6ms"
[2025-01-26T04:05:56.193Z] [GLOBAL] [INFO]: Request handled | method: "GET", path: "/docs/swagger-ui-init.js", statusCode: 200, ip: "::1", responseTime: "6ms"
[2025-01-26T04:05:56.196Z] [GLOBAL] [INFO]: Request handled | method: "GET", path: "/docs/swagger-ui-standalone-preset.js", statusCode: 304, ip: "::1", responseTime: "10ms"
[2025-01-26T04:05:56.383Z] [GLOBAL] [INFO]: Request handled | method: "GET", path: "/docs/favicon-32x32.png", statusCode: 304, ip: "::1", responseTime: "4ms"
[2025-01-26T04:06:00.169Z] [GLOBAL] [INFO]: Request handled | method: "GET", path: "/api/user/test", statusCode: 200, ip: "::1", responseTime: "3ms"
[2025-01-26T04:06:47.780Z] [GLOBAL] [INFO]: Server is starting... 
[2025-01-26T04:06:47.869Z] [GLOBAL] [INFO]: Database connection has been established successfully. 
[2025-01-26T04:06:47.883Z] [GLOBAL] [INFO]: Server is running | url: "http://localhost:3000"
[2025-01-26T04:07:01.179Z] [GLOBAL] [INFO]: Server is starting... 
[2025-01-26T04:07:01.280Z] [GLOBAL] [INFO]: Database connection has been established successfully. 
[2025-01-26T04:07:01.300Z] [GLOBAL] [INFO]: Server is running | url: "http://localhost:3000"
[2025-01-26T04:07:13.962Z] [GLOBAL] [INFO]: Server is starting... 
[2025-01-26T04:07:14.058Z] [GLOBAL] [INFO]: Database connection has been established successfully. 
[2025-01-26T04:07:14.070Z] [GLOBAL] [INFO]: Server is running | url: "http://localhost:3000"
[2025-01-26T04:08:12.907Z] [GLOBAL] [INFO]: Server is starting... 
[2025-01-26T04:08:12.999Z] [GLOBAL] [INFO]: Database connection has been established successfully. 
[2025-01-26T04:08:13.012Z] [GLOBAL] [INFO]: Server is running | url: "http://localhost:3000"
[2025-01-26T04:08:33.402Z] [GLOBAL] [INFO]: Request handled | method: "GET", path: "/docs/", statusCode: 304, ip: "::1", responseTime: "35ms"
[2025-01-26T04:08:33.434Z] [GLOBAL] [INFO]: Request handled | method: "GET", path: "/docs/swagger-ui.css", statusCode: 304, ip: "::1", responseTime: "4ms"
[2025-01-26T04:08:33.445Z] [GLOBAL] [INFO]: Request handled | method: "GET", path: "/docs/swagger-ui-init.js", statusCode: 304, ip: "::1", responseTime: "2ms"
[2025-01-26T04:08:33.448Z] [GLOBAL] [INFO]: Request handled | method: "GET", path: "/docs/swagger-ui-bundle.js", statusCode: 304, ip: "::1", responseTime: "8ms"
[2025-01-26T04:08:33.450Z] [GLOBAL] [INFO]: Request handled | method: "GET", path: "/docs/swagger-ui-standalone-preset.js", statusCode: 304, ip: "::1", responseTime: "9ms"
[2025-01-26T04:08:33.620Z] [GLOBAL] [INFO]: Request handled | method: "GET", path: "/docs/favicon-32x32.png", statusCode: 304, ip: "::1", responseTime: "2ms"
[2025-01-26T04:08:52.015Z] [GLOBAL] [INFO]: Server is starting... 
[2025-01-26T04:08:52.109Z] [GLOBAL] [INFO]: Database connection has been established successfully. 
[2025-01-26T04:08:52.122Z] [GLOBAL] [INFO]: Server is running | url: "http://localhost:3000"
[2025-01-26T04:09:21.361Z] [GLOBAL] [INFO]: Server is starting... 
[2025-01-26T04:09:21.452Z] [GLOBAL] [INFO]: Database connection has been established successfully. 
[2025-01-26T04:09:21.464Z] [GLOBAL] [INFO]: Server is running | url: "http://localhost:3000"
[2025-01-26T04:10:52.081Z] [GLOBAL] [INFO]: Request handled | method: "GET", path: "/docs/", statusCode: 304, ip: "::1", responseTime: "28ms"
[2025-01-26T04:10:52.110Z] [GLOBAL] [INFO]: Request handled | method: "GET", path: "/docs/swagger-ui.css", statusCode: 304, ip: "::1", responseTime: "5ms"
[2025-01-26T04:10:52.121Z] [GLOBAL] [INFO]: Request handled | method: "GET", path: "/docs/swagger-ui-bundle.js", statusCode: 304, ip: "::1", responseTime: "5ms"
[2025-01-26T04:10:52.126Z] [GLOBAL] [INFO]: Request handled | method: "GET", path: "/docs/swagger-ui-init.js", statusCode: 304, ip: "::1", responseTime: "7ms"
[2025-01-26T04:10:52.130Z] [GLOBAL] [INFO]: Request handled | method: "GET", path: "/docs/swagger-ui-standalone-preset.js", statusCode: 304, ip: "::1", responseTime: "12ms"
[2025-01-26T04:10:52.319Z] [GLOBAL] [INFO]: Request handled | method: "GET", path: "/docs/favicon-32x32.png", statusCode: 304, ip: "::1", responseTime: "2ms"
[2025-01-26T04:10:55.039Z] [GLOBAL] [INFO]: Request handled | method: "GET", path: "/api/user/test", statusCode: 304, ip: "::1", responseTime: "5ms"
[2025-01-26T04:11:01.322Z] [GLOBAL] [INFO]: Shutting down server... 
[2025-01-26T04:11:19.162Z] [GLOBAL] [INFO]: Server is starting... 
[2025-01-26T04:11:19.253Z] [GLOBAL] [INFO]: Database connection has been established successfully. 
[2025-01-26T04:11:19.265Z] [GLOBAL] [INFO]: Server is running | url: "http://localhost:3000"
[2025-01-26T04:11:23.300Z] [GLOBAL] [INFO]: Request handled | method: "GET", path: "/api/user/test", statusCode: 304, ip: "::1", responseTime: "11ms"
[2025-01-26T05:05:07.748Z] [GLOBAL] [INFO]: Server is starting... 
[2025-01-26T05:05:07.838Z] [GLOBAL] [INFO]: Database connection has been established successfully. 
[2025-01-26T05:05:07.849Z] [GLOBAL] [INFO]: Server is running | url: "http://localhost:3000"
[2025-01-26T06:25:36.465Z] [GLOBAL] [INFO]: Server is starting... 
[2025-01-26T06:25:36.568Z] [GLOBAL] [INFO]: Database connection has been established successfully. 
[2025-01-26T06:25:36.581Z] [GLOBAL] [INFO]: Server is running | url: "http://localhost:3000"
[2025-01-26T06:26:10.035Z] [GLOBAL] [INFO]: Server is starting... 
[2025-01-26T06:26:10.117Z] [GLOBAL] [INFO]: Database connection has been established successfully. 
[2025-01-26T06:26:10.128Z] [GLOBAL] [INFO]: Server is running | url: "http://localhost:3000"
[2025-01-26T06:26:18.407Z] [GLOBAL] [INFO]: Server is starting... 
[2025-01-26T06:26:18.500Z] [GLOBAL] [INFO]: Database connection has been established successfully. 
[2025-01-26T06:26:18.512Z] [GLOBAL] [INFO]: Server is running | url: "http://localhost:3000"
[2025-01-26T06:26:44.033Z] [GLOBAL] [INFO]: Server is starting... 
[2025-01-26T06:26:44.158Z] [GLOBAL] [INFO]: Database connection has been established successfully. 
[2025-01-26T06:26:44.179Z] [GLOBAL] [INFO]: Server is running | url: "http://localhost:3000"
[2025-01-26T06:27:33.670Z] [GLOBAL] [INFO]: Server is starting... 
[2025-01-26T06:27:33.833Z] [GLOBAL] [INFO]: Database connection has been established successfully. 
[2025-01-26T06:27:33.861Z] [GLOBAL] [INFO]: Server is running | url: "http://localhost:3000"
[2025-01-26T06:27:46.980Z] [GLOBAL] [INFO]: Server is starting... 
[2025-01-26T06:27:47.101Z] [GLOBAL] [INFO]: Database connection has been established successfully. 
[2025-01-26T06:27:47.114Z] [GLOBAL] [INFO]: Server is running | url: "http://localhost:3000"
[2025-01-26T06:27:52.095Z] [GLOBAL] [INFO]: Server is starting... 
[2025-01-26T06:27:52.260Z] [GLOBAL] [INFO]: Database connection has been established successfully. 
[2025-01-26T06:27:52.284Z] [GLOBAL] [INFO]: Server is running | url: "http://localhost:3000"
[2025-01-26T06:27:55.193Z] [GLOBAL] [INFO]: Server is starting... 
[2025-01-26T06:27:55.293Z] [GLOBAL] [INFO]: Database connection has been established successfully. 
[2025-01-26T06:27:55.307Z] [GLOBAL] [INFO]: Server is running | url: "http://localhost:3000"
[2025-01-26T06:27:59.002Z] [GLOBAL] [INFO]: Server is starting... 
[2025-01-26T06:27:59.096Z] [GLOBAL] [INFO]: Database connection has been established successfully. 
[2025-01-26T06:27:59.108Z] [GLOBAL] [INFO]: Server is running | url: "http://localhost:3000"
